mkdir -p results/00_infrastructure_gate
.venv-bench-py311/bin/python scripts/benchmark_sampler.py --model roneneldan/TinyStories-3M --sequence-length 128 --batch-size 32 --num-chains 2 --num-burnin-steps 100 --num-draws 50 --num-steps-between-draws 2 --output results/00_infrastructure_gate/sampler_smoke.json
Warning: You are sending unauthenticated requests to the HF Hub. Please set a HF_TOKEN to enable higher rate limits and faster downloads.
Loading weights:   0%|          | 0/108 [00:00<?, ?it/s]Loading weights: 100%|██████████| 108/108 [00:00<00:00, 27535.40it/s]
[transformers] [1mGPTNeoForCausalLM LOAD REPORT[0m from: roneneldan/TinyStories-3M
Key                                                               | Status     |  | 
------------------------------------------------------------------+------------+--+-
transformer.h.{0, 1, 2, 3, 4, 5, 6, 7}.attn.attention.masked_bias | UNEXPECTED |  | 
transformer.h.{0, 1, 2, 3, 4, 5, 6, 7}.attn.attention.bias        | UNEXPECTED |  | 

Notes:
- UNEXPECTED:	can be ignored when loading from different task/architecture; not ok if you expect identical arch.
Traceback (most recent call last):
  File "/home/elvis/slt-portuguese/scripts/benchmark_sampler.py", line 133, in <module>
    raise SystemExit(main())
                     ^^^^^^
  File "/home/elvis/slt-portuguese/scripts/benchmark_sampler.py", line 93, in main
    result = llc(**kwargs)
             ^^^^^^^^^^^^^
  File "/home/elvis/slt-portuguese/.venv-bench-py311/lib/python3.11/site-packages/devinterp/slt/llc.py", line 51, in llc
    samples = sample(
              ^^^^^^^
  File "/home/elvis/slt-portuguese/.venv-bench-py311/lib/python3.11/site-packages/devinterp/slt/sampling.py", line 185, in sample
    Observable(
  File "/home/elvis/slt-portuguese/.venv-bench-py311/lib/python3.11/site-packages/devinterp/slt/observables.py", line 88, in __init__
    self.input_ids[s:e] = batch["input_ids"]
    ~~~~~~~~~~~~~~^^^^^
TypeError: can't assign a list to a torch.cuda.LongTensor
make: *** [Makefile:21: benchmark-sampler] Error 1
