Downloading cpython-3.11.15-linux-x86_64-gnu (download) (29.4MiB)
 Downloaded cpython-3.11.15-linux-x86_64-gnu (download)
Using CPython 3.11.15
Creating virtual environment at: .venv-py311
Activate with: source .venv-py311/bin/activate
Using Python 3.11.15 environment at: .venv-py311
Resolved 29 packages in 424ms
Downloading torch (507.5MiB)
Downloading cuda-bindings (6.4MiB)
Downloading triton (192.1MiB)
Downloading setuptools (1.0MiB)
Downloading networkx (2.0MiB)
 Downloaded cuda-bindings
 Downloaded setuptools
 Downloaded networkx
 Downloaded triton
 Downloaded torch
Prepared 6 packages in 12.22s
Installed 29 packages in 314ms
 + cuda-bindings==13.3.1
 + cuda-pathfinder==1.5.5
 + cuda-toolkit==13.0.2
 + filelock==3.29.3
 + fsspec==2026.4.0
 + jinja2==3.1.6
 + markupsafe==3.0.3
 + mpmath==1.3.0
 + networkx==3.6.1
 + nvidia-cublas==13.1.1.3
 + nvidia-cuda-cupti==13.0.85
 + nvidia-cuda-nvrtc==13.0.88
 + nvidia-cuda-runtime==13.0.96
 + nvidia-cudnn-cu13==9.20.0.48
 + nvidia-cufft==12.0.0.61
 + nvidia-cufile==1.15.1.6
 + nvidia-curand==10.4.0.35
 + nvidia-cusolver==12.0.4.66
 + nvidia-cusparse==12.6.3.3
 + nvidia-cusparselt-cu13==0.8.1
 + nvidia-nccl-cu13==2.29.7
 + nvidia-nvjitlink==13.0.88
 + nvidia-nvshmem-cu13==3.4.5
 + nvidia-nvtx==13.0.85
 + setuptools==81.0.0
 + sympy==1.14.0
 + torch==2.12.0
 + triton==3.7.0
 + typing-extensions==4.15.0
Using Python 3.11.15 environment at: .venv-py311
Resolved 92 packages in 1.48s
Downloading pygments (1.2MiB)
Downloading pyarrow (46.6MiB)
Downloading numpy (16.1MiB)
Downloading scipy (33.7MiB)
Downloading pandas (10.8MiB)
Downloading pillow (6.8MiB)
Downloading matplotlib (9.6MiB)
Downloading pydantic-core (2.0MiB)
Downloading aiohttp (1.7MiB)
Downloading hf-xet (4.3MiB)
Downloading fonttools (4.8MiB)
Downloading numcodecs (8.7MiB)
Downloading kiwisolver (1.4MiB)
Downloading xarray (1.3MiB)
Downloading tokenizers (3.1MiB)
Downloading transformers (10.6MiB)
 Downloaded kiwisolver
 Downloaded pydantic-core
 Downloaded aiohttp
 Downloaded tokenizers
 Downloaded hf-xet
 Downloaded xarray
 Downloaded pygments
 Downloaded pillow
 Downloaded numcodecs
 Downloaded fonttools
 Downloaded matplotlib
 Downloaded numpy
 Downloaded pandas
 Downloaded pyarrow
 Downloaded scipy
 Downloaded transformers
Prepared 63 packages in 4.53s
Installed 63 packages in 88ms
 + accelerate==1.14.0
 + aiohappyeyeballs==2.6.2
 + aiohttp==3.14.1
 + aiosignal==1.4.0
 + annotated-doc==0.0.4
 + annotated-types==0.7.0
 + anyio==4.13.0
 + attrs==26.1.0
 + certifi==2026.5.20
 + charset-normalizer==3.4.7
 + click==8.4.1
 + contourpy==1.3.3
 + cycler==0.12.1
 + datasets==5.0.0
 + devinterp==2.0.1
 + dill==0.4.1
 + donfig==0.8.1.post1
 + fonttools==4.63.0
 + frozenlist==1.8.0
 + google-crc32c==1.8.0
 + h11==0.16.0
 + hf-xet==1.5.1
 + httpcore==1.0.9
 + httpx==0.28.1
 + huggingface-hub==1.19.0
 + idna==3.18
 + kiwisolver==1.5.0
 + markdown-it-py==4.2.0
 + matplotlib==3.11.0
 + mdurl==0.1.2
 + multidict==6.7.1
 + multiprocess==0.70.19
 + numcodecs==0.16.5
 + numpy==2.4.6
 + packaging==26.2
 + pandas==3.0.3
 + pillow==12.2.0
 + propcache==0.5.2
 + psutil==7.2.2
 + pyarrow==24.0.0
 + pydantic==2.13.4
 + pydantic-core==2.46.4
 + pygments==2.20.0
 + pyparsing==3.3.2
 + python-dateutil==2.9.0.post0
 + pyyaml==6.0.3
 + regex==2026.5.9
 + requests==2.34.2
 + rich==15.0.0
 + safetensors==0.8.0
 + scipy==1.17.1
 + shellingham==1.5.4
 + six==1.17.0
 + tokenizers==0.22.2
 + tqdm==4.68.2
 + transformers==5.12.0
 + typer==0.25.1
 + typing-inspection==0.4.2
 + urllib3==2.7.0
 + xarray==2026.4.0
 + xxhash==3.7.0
 + yarl==1.24.2
 + zarr==3.1.6
/home/elvis/slt-portuguese/.venv-py311/bin/python: No module named pip
